# JRE version: OpenJDK Runtime Environment (11.0.3+7) (build 11.0.3+7-Ubuntu-1ubuntu1)
# Java VM: OpenJDK 64-Bit Server VM (11.0.3+7-Ubuntu-1ubuntu1, mixed mode, sharing, tiered, compressed oops, g1 gc, linux-amd64)
Heap:
 garbage-first heap   total 532480K, used 445677K [0x000000070b000000, 0x0000000800000000)
  region size 1024K, 4 young (4096K), 2 survivors (2048K)
 Metaspace       used 20298K, capacity 20731K, committed 20864K, reserved 1067008K
  class space    used 2611K, capacity 2842K, committed 2944K, reserved 1048576K
GC Heap History (10 events):
Event: 3.413 GC heap before
{Heap before GC invocations=7 (full 0):
 garbage-first heap   total 365568K, used 215063K [0x000000070b000000, 0x0000000800000000)
  region size 1024K, 68 young (69632K), 3 survivors (3072K)
 Metaspace       used 19889K, capacity 20315K, committed 20480K, reserved 1067008K
  class space    used 2537K, capacity 2746K, committed 2816K, reserved 1048576K
}
Event: 3.415 GC heap after
{Heap after GC invocations=8 (full 0):
 garbage-first heap   total 365568K, used 147376K [0x000000070b000000, 0x0000000800000000)
  region size 1024K, 3 young (3072K), 3 survivors (3072K)
 Metaspace       used 19889K, capacity 20315K, committed 20480K, reserved 1067008K
  class space    used 2537K, capacity 2746K, committed 2816K, reserved 1048576K
}
Event: 3.442 GC heap before
{Heap before GC invocations=8 (full 0):
 garbage-first heap   total 365568K, used 199600K [0x000000070b000000, 0x0000000800000000)
  region size 1024K, 56 young (57344K), 3 survivors (3072K)
 Metaspace       used 20190K, capacity 20667K, committed 20864K, reserved 1067008K
  class space    used 2609K, capacity 2842K, committed 2944K, reserved 1048576K
}
Event: 3.444 GC heap after
{Heap after GC invocations=9 (full 0):
 garbage-first heap   total 365568K, used 147724K [0x000000070b000000, 0x0000000800000000)
  region size 1024K, 4 young (4096K), 4 survivors (4096K)
 Metaspace       used 20190K, capacity 20667K, committed 20864K, reserved 1067008K
  class space    used 2609K, capacity 2842K, committed 2944K, reserved 1048576K
}
Event: 3.480 GC heap before
{Heap before GC invocations=10 (full 0):
 garbage-first heap   total 365568K, used 245004K [0x000000070b000000, 0x0000000800000000)
  region size 1024K, 6 young (6144K), 4 survivors (4096K)
 Metaspace       used 20279K, capacity 20731K, committed 20864K, reserved 1067008K
  class space    used 2610K, capacity 2842K, committed 2944K, reserved 1048576K
}
Event: 3.482 GC heap after
{Heap after GC invocations=11 (full 0):
 garbage-first heap   total 365568K, used 244193K [0x000000070b000000, 0x0000000800000000)
  region size 1024K, 4 young (4096K), 4 survivors (4096K)
 Metaspace       used 20279K, capacity 20731K, committed 20864K, reserved 1067008K
  class space    used 2610K, capacity 2842K, committed 2944K, reserved 1048576K
}
Event: 3.513 GC heap before
{Heap before GC invocations=12 (full 0):
 garbage-first heap   total 365568K, used 302561K [0x000000070b000000, 0x0000000800000000)
  region size 1024K, 5 young (5120K), 4 survivors (4096K)
 Metaspace       used 20293K, capacity 20731K, committed 20864K, reserved 1067008K
  class space    used 2610K, capacity 2842K, committed 2944K, reserved 1048576K
}
Event: 3.515 GC heap after
{Heap after GC invocations=13 (full 0):
 garbage-first heap   total 365568K, used 270774K [0x000000070b000000, 0x0000000800000000)
  region size 1024K, 4 young (4096K), 4 survivors (4096K)
 Metaspace       used 20293K, capacity 20731K, committed 20864K, reserved 1067008K
  class space    used 2610K, capacity 2842K, committed 2944K, reserved 1048576K
}
Event: 3.555 GC heap before
{Heap before GC invocations=14 (full 0):
 garbage-first heap   total 399360K, used 355766K [0x000000070b000000, 0x0000000800000000)
  region size 1024K, 4 young (4096K), 4 survivors (4096K)
 Metaspace       used 20294K, capacity 20731K, committed 20864K, reserved 1067008K
  class space    used 2610K, capacity 2842K, committed 2944K, reserved 1048576K
}
Event: 3.557 GC heap after
{Heap after GC invocations=15 (full 0):
 garbage-first heap   total 399360K, used 311533K [0x000000070b000000, 0x0000000800000000)
  region size 1024K, 2 young (2048K), 2 survivors (2048K)
 Metaspace       used 20294K, capacity 20731K, committed 20864K, reserved 1067008K
  class space    used 2610K, capacity 2842K, committed 2944K, reserved 1048576K
}

